<?xml version="1.0" encoding="UTF-8"?>
<!-- Generated by org.testng.reporters.JUnitReportReporter -->
<testsuite skipped="0" hostname="Raghu" name="TestCases.ExecutionScript" tests="1" failures="0" timestamp="2020-06-20T01:22:10 IST" time="2.239" errors="0">
  <testcase name="Verify_executionTests" time="2.239" classname="TestCases.ExecutionScript"/>
  <system-out/>
</testsuite> <!-- TestCases.ExecutionScript -->
