<?xml version="1.0" encoding="UTF-8"?>
<!-- Generated by org.testng.reporters.JUnitReportReporter -->
<testsuite skipped="0" hostname="Raghu" name="TestCases.ExecutionScript" tests="1" failures="0" timestamp="2020-06-23T18:19:21 IST" time="46.720" errors="0">
  <testcase name="Verify_executionTests" time="46.720" classname="TestCases.ExecutionScript"/>
  <system-out/>
</testsuite> <!-- TestCases.ExecutionScript -->
